<?xml version="1.0" encoding="UTF-8"?>
<!-- Generated by org.testng.reporters.JUnitReportReporter -->
<testsuite hostname="DESKTOP-6A3CF71" failures="0" tests="2" name="orangehrm_saf.TestNG_Test" time="41.266" errors="0" timestamp="2023-04-09T16:12:27 BDT" skipped="0">
  <testcase classname="orangehrm_saf.TestNG_Test" name="TestCase_2_VerifyUserCanAddPayGrades" time="23.313"/>
  <system-out/>
  <testcase classname="orangehrm_saf.TestNG_Test" name="TestCase_1_SearchUserWithPartialTextMatch" time="17.953"/>
  <system-out/>
</testsuite> <!-- orangehrm_saf.TestNG_Test -->
